memory.cpp
upnp_device.cpp
style_box_empty.cpp
input_event_magnify_gesture.cpp
character_body3d.cpp
curve.cpp
resource_importer_image.cpp
ip.cpp
dir_access.cpp
open_xr_future_result.cpp
visual_shader_node_sdf_raymarch.cpp
stream_peer_tcp.cpp
importer_mesh_instance3d.cpp
crypto.cpp
animation_node_sync.cpp
resource_importer_layered_texture.cpp
open_xr_extension_wrapper_extension.cpp
stream_peer_gzip.cpp
character_body2d.cpp
curve_xyz_texture.cpp
array_mesh.cpp
open_xr_binding_modifier.cpp
stream_peer_extension.cpp
animation_root_node.cpp
visual_shader_node_smooth_step.cpp
char_fx_transform.cpp

open_xr_composition_layer_cylinder.cpp
resource_importer_mp3.cpp
visual_shader_node_remap.cpp
center_container.cpp
area3d.cpp
triangle_mesh.cpp
resource_importer_bm_font.cpp
stream_peer.cpp
visual_shader_node_reroute.cpp
open_xr_extension_wrapper.cpp
image_texture.cpp
animation_tree.cpp
open_xr_composition_layer_quad.cpp
visual_shader_node_resizable_base.cpp
static_body3d.cpp
canvas_modulate.cpp
animation_player.cpp
open_xr_interaction_profile.cpp
sprite_frames.cpp
capsule_shape3d.cpp
resource_importer_image_font.cpp
animation_node_time_scale.cpp
upnp.cpp
image_format_loader_extension.cpp
open_xrip_binding_modifier.cpp
animation_node_sub2.cpp
status_indicator.cpp
input_event.cpp
visual_shader_node_screen_uv_to_sdf.cpp
canvas_texture.cpp
input.cpp
static_body2d.cpp
open_xr_dpad_binding_modifier.cpp
resource_importer_svg.cpp
tube_trail_mesh.cpp
importer_mesh.cpp
animation_node_transition.cpp
visual_shader_node_screen_normal_world_space.cpp
translation.cpp
standard_material3d.cpp
animation_node_time_seek.cpp
open_xrip_binding.cpp
immediate_mesh.cpp
sprite_base3d.cpp
canvas_layer.cpp
area2d.cpp
open_xr_hand.cpp
visual_shader_node_rotation_by_axis.cpp
touch_screen_button.cpp
image_format_loader.cpp
resource_importer_dynamic_font.cpp
tween.cpp
input_event_action.cpp
canvas_group.cpp
resource_importer.cpp
visual_shader_node_sample3d.cpp
tree_item.cpp
sprite3d.cpp
canvas_item_material.cpp
resource_format_saver.cpp
visual_shader_node_sdf_to_screen_uv.cpp
translation_domain.cpp
aspect_ratio_container.cpp
sub_viewport_container.cpp
resource_format_loader.cpp
open_xr_future_extension.cpp
image_texture_layered.cpp
style_box.cpp
array_occluder3d.cpp
image_texture3d.cpp
visual_shader_node_particle_sphere_emitter.cpp
stream_peer_tls.cpp
capsule_mesh.cpp
animation_node_blend2.cpp
open_xr_action_binding_modifier.cpp
visual_shader_node_particle_ring_emitter.cpp
visual_shader_node_particle_output.cpp
style_box_flat.cpp
animation_node_add3.cpp
render_scene_data_rd.cpp
visual_shader_node_proximity_fade.cpp
image.cpp
animation_node_output.cpp
camera_texture.cpp
render_data.cpp
animation_node_blend_space1_d.cpp
visual_shader_node_step.cpp
udp_server.cpp
height_map_shape3d.cpp
animation_node_animation.cpp
render_data_rd.cpp
occluder3d.cpp
camera_server.cpp
tweener.cpp
hashing_context.cpp
animation_node_extension.cpp
visual_shader_node_particle_multiply_by_axis_angle.cpp
tree.cpp
utility_functions.cpp
camera_feed.cpp
ogg_packet_sequence_playback.cpp
torus_mesh.cpp
stream_peer_buffer.cpp
http_client.cpp
spring_bone_simulator3d.cpp
render_scene_data.cpp
occluder_instance3d.cpp
visual_shader_node_parameter_ref.cpp
camera_attributes_practical.cpp
animation_node_state_machine_transition.cpp
render_scene_buffers_extension.cpp
open_xr_action_map.cpp
time.cpp
spring_bone_collision_capsule3d.cpp
os.cpp
render_scene_buffers.cpp
camera_attributes_physical.cpp
tile_map_layer.cpp
ogg_packet_sequence.cpp
h_separator.cpp
camera_attributes.cpp
tile_set_source.cpp
visual_shader_node_particle_box_emitter.cpp
spring_bone_collision_sphere3d.cpp
print_string.cpp
camera3d.cpp
h_flow_container.cpp
render_data_extension.cpp
animation_node_blend_space2d.cpp
render_scene_buffers_rd.cpp
open_xr_action.cpp
tile_set_atlas_source.cpp
camera2d.cpp
grid_map_editor_plugin.cpp
animation_node_one_shot.cpp
offline_multiplayer_peer.cpp
theme_db.cpp
spring_bone_collision_plane3d.cpp
callback_tweener.cpp
groove_joint2d.cpp
open_xrapi_extension.cpp
visual_shader_node_particle_randomness.cpp
tile_set.cpp
spring_bone_collision3d.cpp
visual_shader_node_particle_emitter.cpp
grid_map.cpp
animation_node_blend_tree.cpp
render_scene_buffers_configuration.cpp
occluder_polygon2d.cpp
tile_map.cpp
spring_arm3d.cpp
csg_shape3d.cpp
grid_container.cpp
resource.cpp
object.cpp
soft_body3d.cpp
animation_node_state_machine_playback.cpp
h_split_container.cpp
timer.cpp
split_container.cpp
csg_sphere3d.cpp
animation_node_state_machine.cpp
visual_shader_node_output.cpp
spin_box.cpp
csg_primitive3d.cpp
h_slider.cpp
visual_shader_node_multiply_add.cpp
render_scene_data_extension.cpp
open_xr_analog_threshold_modifier.cpp
fast_noise_lite.cpp
zip_packer.cpp
animation_node_blend3.cpp
open_xr_action_set.cpp
visual_shader_node_random_range.cpp
csg_polygon3d.cpp
skin_reference.cpp
visual_shader_node_particle_cone_velocity.cpp
rendering_server.cpp
fbx_state.cpp
tile_set_scenes_collection_source.cpp
zip_reader.cpp
rendering_device.cpp
omni_light3d.cpp
visual_shader_node_parameter.cpp
tile_data.cpp
button_group.cpp
animated_texture.cpp
noise.cpp
visual_shader_node_outer_product.cpp
fbx_document.cpp
h_scroll_bar.cpp
ray_cast3d.cpp
navigation_polygon.cpp
xrvrs.cpp
button.cpp
hinge_joint3d.cpp
rectangle_shape2d.cpp
expression.cpp
tile_map_pattern.cpp
sprite2d.cpp
animatable_body3d.cpp
remote_transform3d.cpp
visual_shader_node_particle_accelerator.cpp
box_occluder3d.cpp
xr_node3d.cpp
random_number_generator.cpp
navigation_server2d.cpp
thread.cpp
graph_node.cpp
animated_sprite2d.cpp
theme.cpp
xr_tracker.cpp
hmac_context.cpp
animatable_body2d.cpp
remote_transform2d.cpp
visual_shader_node_particle_mesh_emitter.cpp
environment.cpp
sphere_shape3d.cpp
http_request.cpp
animated_sprite3d.cpp
reg_ex.cpp
visual_shader_node_particle_emit.cpp
node3d_gizmo.cpp
engine_profiler.cpp
texture_layered.cpp
sphere_occluder3d.cpp
xr_interface_extension.cpp
csg_box3d.cpp
accept_dialog.cpp
engine_debugger.cpp
texture_rect.cpp
xr_origin3d.cpp
cpu_particles3d.cpp
h_box_container.cpp
a_star_grid2d.cpp
navigation_region3d.cpp
ray_cast2d.cpp
engine.cpp
sphere_mesh.cpp
xr_face_modifier3d.cpp
cpu_particles2d.cpp
graph_element.cpp
animation_node.cpp
encoded_object_as_id.cpp
node.cpp
texture_progress_bar.cpp
xr_controller_tracker.cpp
slider_joint3d.cpp
editor_spin_slider.cpp
xr_server.cpp
graph_frame.cpp
texture_layered_rd.cpp
bone_map.cpp
nine_patch_rect.cpp
slider.cpp
reg_ex_match.cpp
sky.cpp
line2d.cpp
xr_pose.cpp
animation_node_add2.cpp
reflection_probe.cpp
xr_interface.cpp
orm_material3d.cpp
editor_script.cpp
box_mesh.cpp
spot_light3d.cpp
lightmapper_rd.cpp
csg_torus3d.cpp
xr_hand_modifier3d.cpp
noise_texture3d.cpp
reference_rect.cpp
skin.cpp
editor_scene_post_import_plugin.cpp
csg_cylinder3d.cpp
animation_mixer.cpp
ref_counted.cpp
navigation_server3d.cpp
lightmapper.cpp
csg_combiner3d.cpp
texture.cpp
skeleton_modification2dfabrik.cpp
box_shape3d.cpp
animation_library.cpp
lightmap_probe.cpp
editor_toaster.cpp
animation.cpp
node3d.cpp
skeleton_profile.cpp
editor_syntax_highlighter.cpp
csg_mesh3d.cpp
aim_modifier3d.cpp
rd_vertex_attribute.cpp
editor_selection.cpp
texture2d.cpp
skeleton_modifier3d.cpp
lightmap_gi_data.cpp
noise_texture2d.cpp
text_server.cpp
skeleton_modification2d_two_bone_ik.cpp
range.cpp
box_container.cpp
editor_undo_redo_manager.cpp
node2d.cpp
skeleton_modification2d.cpp
light_occluder2d.cpp
xr_positional_tracker.cpp
navigation_region2d.cpp
editor_translation_parser_plugin.cpp
editor_vcs_interface.cpp
packed_int64_array.cpp
light2d.cpp
external_texture.cpp
text_server_extension.cpp
skeleton_modification2d_physical_bones.cpp
label_settings.cpp
bit_map.cpp
xr_face_tracker.cpp
rd_texture_view.cpp
texture3d.cpp
base_button.cpp
packed_vector3_array.cpp
navigation_path_query_result2d.cpp
texture2d_array_rd.cpp
skeleton_modification2dccdik.cpp
label.cpp
xr_hand_tracker.cpp
packed_float64_array.cpp
rd_texture_format.cpp
text_server_manager.cpp
kinematic_collision3d.cpp
navigation_path_query_parameters3d.cpp
editor_settings.cpp
kinematic_collision2d.cpp
packed_vector4_array.cpp
audio_stream_synchronized.cpp
texture_cubemap_rd.cpp
rd_shader_spirv.cpp
audio_stream_polyphonic.cpp
skeleton_modification2d_jiggle.cpp
navigation_path_query_parameters2d.cpp
texture_cubemap_array_rd.cpp
xr_body_tracker.cpp
rd_sampler_state.cpp
texture_button.cpp
navigation_obstacle2d.cpp
skeleton_ik3d.cpp
joint3d.cpp
a_star3d.cpp
skeleton_profile_humanoid.cpp
audio_stream_player3d.cpp
world2d.cpp
navigation_link3d.cpp
texture2d_array.cpp
java_class_wrapper.cpp
back_buffer_copy.cpp
rd_pipeline_rasterization_state.cpp
editor_script_picker.cpp
text_server_dummy.cpp
world_boundary_shape3d.cpp
quad_occluder3d.cpp
editor_scene_format_importer_blend.cpp
text_server_advanced.cpp
skeleton_modification_stack2d.cpp
rd_pipeline_color_blend_state.cpp
navigation_mesh_source_geometry_data2d.cpp
editor_scene_format_importer.cpp
skeleton_modification2d_look_at.cpp
base_material3d.cpp
xr_controller3d.cpp
a_star2d.cpp
rd_pipeline_color_blend_state_attachment.cpp
audio_stream_playlist.cpp
java_object.cpp
packed_float32_array.cpp
joint2d.cpp
texture3drd.cpp
skeleton_modification2d_stack_holder.cpp
packed_vector2_array.cpp
x509_certificate.cpp
editor_scene_format_importer_fbx2_gltf.cpp
texture2drd.cpp
java_script_bridge.cpp
bone_attachment3d.cpp
packed_int32_array.cpp
world_boundary_shape2d.cpp
rd_pipeline_depth_stencil_state.cpp
editor_scene_post_import.cpp
packed_string_array.cpp
world3d.cpp
java_class.cpp
rd_framebuffer_pass.cpp
bone_constraint3d.cpp
visual_shader_node_fresnel.cpp
skeleton2d.cpp
editor_scene_format_importer_ufbx.cpp
quad_mesh.cpp
xr_camera3d.cpp
visual_shader_node_linear_scene_depth.cpp
navigation_mesh_generator.cpp
editor_scene_format_importer_gltf.cpp
label3d.cpp
xr_body_modifier3d.cpp
shape_cast3d.cpp
light3d.cpp
bone2d.cpp
aes_context.cpp
rd_shader_source.cpp
visual_shader_node_int_func.cpp
lightmap_gi.cpp
xr_anchor3d.cpp
packed_color_array.cpp
visual_shader_node_is.cpp
shape3d.cpp
multiplayer_spawner.cpp
audio_stream_player2d.cpp
project_settings.cpp
visual_shader_node_mix.cpp
shape2d.cpp
navigation_obstacle3d.cpp
editor_resource_tooltip_plugin.cpp
rd_uniform.cpp
shader_include_db.cpp
navigation_agent3d.cpp
editor_resource_preview_generator.cpp
jsonrpc.cpp
rd_pipeline_multisample_state.cpp
navigation_mesh.cpp
navigation_path_query_result3d.cpp
xml_parser.cpp
editor_resource_preview.cpp
java_script_object.cpp
visual_shader_node_int_parameter.cpp
navigation_mesh_source_geometry_data3d.cpp
editor_resource_picker.cpp
audio_stream_randomizer.cpp
low_level.cpp
rd_attachment_format.cpp
shader_include.cpp
audio_stream_wav.cpp
window.cpp
rd_pipeline_specialization_constant.cpp
shape_cast2d.cpp
multiplayer_synchronizer.cpp
gltf_document_extension.cpp
editor_node3d_gizmo_plugin.cpp
navigation_agent2d.cpp
missing_resource.cpp
property_tweener.cpp
audio_stream_interactive.cpp
visual_shader_node_int_op.cpp
shader_material.cpp
native_menu.cpp
gltf_document.cpp
missing_node.cpp
editor_property.cpp
audio_stream_player.cpp
rd_shader_file.cpp
visual_shader_node_input.cpp
skeleton3d.cpp
mutex.cpp
editor_interface.cpp
web_xr_interface.cpp
gltf_camera.cpp
movie_writer.cpp
audio_stream_playback_resampled.cpp
navigation_link2d.cpp
multiplayer_peer.cpp
editor_plugin.cpp
audio_stream_microphone.cpp
web_rtc_peer_connection_extension.cpp
visual_shader_node_if.cpp
shader_globals_override.cpp
multi_mesh_instance2d.cpp
audio_stream_mp3.cpp
shortcut.cpp
gltf_animation.cpp
web_socket_multiplayer_peer.cpp
visual_shader_node_group_base.cpp
convex_polygon_shape2d.cpp
popup_panel.cpp
audio_stream_playback_polyphonic.cpp
visual_shader_node_global_expression.cpp
editor_paths.cpp
multiplayer_api_extension.cpp
physical_bone_simulator3d.cpp
audio_stream_playback_ogg_vorbis.cpp
web_rtc_peer_connection.cpp
font.cpp
copy_transform_modifier3d.cpp
popup.cpp
physics_body2d.cpp
visual_shader_node_int_constant.cpp
editor_node3d_gizmo.cpp
multi_mesh_instance3d.cpp
physics_direct_body_state3d.cpp
popup_menu.cpp
web_rtc_data_channel_extension.cpp
shader.cpp
framebuffer_cache_rd.cpp
convex_polygon_shape3d.cpp
polygon_path_finder.cpp
gd_script.cpp
physical_bone3d.cpp
audio_stream_playback_interactive.cpp
visual_shader_node_determinant.cpp
editor_file_system_import_format_support_query.cpp
audio_stream_ogg_vorbis.cpp
convert_transform_modifier3d.cpp
visual_shader_node_vector_refract.cpp
visual_shader_node_float_func.cpp
separation_ray_shape2d.cpp
gd_extension_manager.cpp
modifier_bone_target3d.cpp
point_mesh.cpp
audio_stream_playback_playlist.cpp
visual_shader_node_vector_func.cpp
editor_export_preset.cpp
file_dialog.cpp
container.cpp
multi_mesh.cpp
visual_shader_node_face_forward.cpp
semaphore.cpp
file_access.cpp
editor_export_plugin.cpp
confirmation_dialog.cpp
multiplayer_peer_extension.cpp
polygon_occluder3d.cpp
physical_sky_material.cpp
audio_stream_playback.cpp
scroll_container.cpp
editor_export_platform_mac_os.cpp
progress_bar.cpp
physics_direct_space_state2d.cpp
visual_shader_node_dot_product.cpp
gd_extension.cpp
editor_file_dialog.cpp
multiplayer_api.cpp
physics_direct_space_state2d_extension.cpp
visual_shader_node_vector_op.cpp
script_backtrace.cpp
editor_feature_profile.cpp
concave_polygon_shape2d.cpp
polygon2d.cpp
physics_direct_body_state2d_extension.cpp
audio_stream_playback_synchronized.cpp
web_socket_peer.cpp
visual_shader_node_distance_fade.cpp
scene_tree_timer.cpp
editor_file_system.cpp
procedural_sky_material.cpp
physics_body3d.cpp
visual_shader_node_world_position_from_depth.cpp
compressed_texture_layered.cpp
mobile_vr_interface.cpp
visual_shader_node_frame.cpp
script_language.cpp
method_tweener.cpp
prism_mesh.cpp
audio_stream_generator_playback.cpp
worker_thread_pool.cpp
visual_shader_node_float_parameter.cpp
script_extension.cpp
foldable_group.cpp
mesh_texture.cpp
physics_direct_body_state3d_extension.cpp
script_editor.cpp
fog_material.cpp
editor_resource_conversion_plugin.cpp
compressed_texture3d.cpp
primitive_mesh.cpp
weak_ref.cpp
visual_shader_node_float_op.cpp
mesh_library.cpp
audio_stream_generator.cpp
voxel_gi_data.cpp
voxel_gi.cpp
portable_compressed_texture2d.cpp
mesh_instance3d.cpp
audio_stream.cpp
physics_direct_body_state2d.cpp
compressed_texture2d.cpp
file_system_dock.cpp
path_follow3d.cpp
point_light2d.cpp
visual_shader_node_float_constant.cpp
font_variation.cpp
editor_import_plugin.cpp
path3d.cpp
visual_shader_node_expression.cpp
gltf_buffer_view.cpp
mesh_convex_decomposition_settings.cpp
plane_mesh.cpp
audio_server.cpp
path_follow2d.cpp
visual_shader_node_vector_distance.cpp
script.cpp
gltf_accessor.cpp
color_rect.cpp
mesh.cpp
placeholder_texture_layered.cpp
audio_sample_playback.cpp
visual_shader_node_vector_decompose.cpp
scene_tree.cpp
font_file.cpp
audio_sample.cpp
web_rtc_data_channel.cpp
visual_shader_node_curve_xyz_texture.cpp
compressed_cubemap_array.cpp
placeholder_texture2d_array.cpp
script_create_dialog.cpp
gd_script_syntax_highlighter.cpp
menu_bar.cpp
placeholder_texture2d.cpp
web_rtc_multiplayer_peer.cpp
foldable_container.cpp
editor_file_system_directory.cpp
compressed_texture2d_array.cpp
audio_listener2d.cpp
visual_shader_node_vector_len.cpp
visual_shader_node_comment.cpp
editor_export_platform_web.cpp
flow_container.cpp
compositor_effect.cpp
marshalls.cpp
audio_effect_stereo_enhance.cpp
visual_shader_node_vec4_constant.cpp
script_language_extension.cpp
editor_inspector_plugin.cpp
pin_joint2d.cpp
color_picker_button.cpp
audio_listener3d.cpp
particle_process_material.cpp
visual_shader_node_curve_texture.cpp
separator.cpp
editor_export_platform_vision_os.cpp
fog_volume.cpp
placeholder_cubemap.cpp
visual_shader_node_vector_base.cpp
visual_shader_node_cubemap_parameter.cpp
separation_ray_shape3d.cpp
link_button.cpp
control.cpp
panel.cpp
scroll_bar.cpp
compressed_cubemap.cpp
editor_export_platform_windows.cpp
material.cpp
packet_peer_stream.cpp
visual_shader_node_vec3_parameter.cpp
visual_shader_node_constant.cpp
gradient_texture2d.cpp
color_picker.cpp
audio_effect_spectrum_analyzer.cpp
parallax_layer.cpp
visual_shader_node_varying_getter.cpp
segment_shape2d.cpp
editor_export_platform_pc.cpp
graph_edit.cpp
config_file.cpp
marker3d.cpp
physics_test_motion_result3d.cpp
visual_shader_node_compare.cpp
audio_effect_reverb.cpp
line_edit.cpp
gradient_texture1_d.cpp
cone_twist_joint3d.cpp
pin_joint3d.cpp
visual_shader_node_clamp.cpp
gradient.cpp
script_editor_base.cpp
concave_polygon_shape3d.cpp
visual_shader_node_vec4_parameter.cpp
compositor.cpp
physics_test_motion_parameters3d.cpp
packet_peer_extension.cpp
audio_effect_phaser.cpp
audio_effect_panner.cpp
look_at_modifier3d.cpp
panorama_sky_material.cpp
scene_multiplayer.cpp
editor_export_platform_linux_bsd.cpp
main_loop.cpp
physics_test_motion_parameters2d.cpp
audio_effect_notch_filter.cpp
packet_peer_udp.cpp
visible_on_screen_notifier2d.cpp
rigid_body3d.cpp
editor_export_platform_ios.cpp
physical_bone2d.cpp
visual_shader_node_varying_setter.cpp
vector2.cpp
quaternion.cpp
vector3i.cpp
basis.cpp
rect2i.cpp
vector4.cpp
vector3.cpp
error_macros.cpp
transform2d.cpp
vector2i.cpp
transform3d.cpp
vector4i.cpp
rect2.cpp
visual_shader_node.cpp
rigid_body2d.cpp
geometry3d.cpp
editor_export_platform_extension.cpp
mesh_instance2d.cpp
visual_shader_node_vec3_constant.cpp
string.cpp
visual_shader_node_color_parameter.cpp
rich_text_label.cpp
logger.cpp
physics_test_motion_result2d.cpp
performance.cpp
visual_shader_node_uv_func.cpp
e_net_packet_peer.cpp
audio_effect_eq6.cpp
visual_shader_node_uv_polar_coord.cpp
visual_instance3d.cpp
ribbon_trail_mesh.cpp
gpu_particles_collision_height_field3d.cpp
physics_shape_query_parameters3d.cpp
visual_shader_node_cubemap.cpp
display_server.cpp
mesh_data_tool.cpp
placeholder_cubemap_array.cpp
audio_effect_low_pass_filter.cpp
visual_shader_node_vec2_parameter.cpp
visual_shader_node_color_func.cpp
geometry2d.cpp
e_net_multiplayer_peer.cpp
marker2d.cpp
placeholder_mesh.cpp
audio_effect_instance.cpp
panel_container.cpp
visual_shader_node_varying.cpp
packed_byte_array.cpp
visual_shader_node_derivative_func.cpp
root_motion_view.cpp
gpu_particles_collision_sphere3d.cpp
audio_effect_high_shelf_filter.cpp
path2d.cpp
visual_shader_node_u_int_parameter.cpp
visual_shader_node_custom.cpp
retarget_modifier3d.cpp
editor_export_platform_android.cpp
margin_container.cpp
placeholder_material.cpp
audio_effect_high_pass_filter.cpp
parallax_background.cpp
visual_shader_node_u_int_func.cpp
array.cpp
directional_light2d.cpp
menu_button.cpp
placeholder_texture3d.cpp
parallax2d.cpp
signal.cpp
gpu_particles_attractor3d.cpp
editor_export_platform_apple_embedded.cpp
audio_effect_eq21.cpp
visual_shader_node_color_op.cpp
resource_loader.cpp
packet_peer.cpp
visual_shader_node_boolean_constant.cpp
generic6_dof_joint3d.cpp
audio_effect_filter.cpp
visual_shader_node_vector_compose.cpp
rid.cpp
visual_shader.cpp
rich_text_effect.cpp
editor_context_menu_plugin.cpp
audio_effect_hard_limiter.cpp
visual_shader_node_color_constant.cpp
gpu_particles_collision_sdf3d.cpp
json.cpp
physics_ray_query_parameters3d.cpp
packed_data_container.cpp
method_bind.cpp
packed_arrays.cpp
plane.cpp
editor_plugin_registration.cpp
variant_internal.cpp
aabb.cpp
projection.cpp
gpu_particles_collision_box3d.cpp
editor_export_platform.cpp
physics_server3d_manager.cpp
open_xr_interaction_profile_metadata.cpp
visual_shader_node_u_int_op.cpp
dictionary.cpp
resource_uid.cpp
jni_singleton.cpp
physics_server3d_extension.cpp
audio_effect_spectrum_analyzer_instance.cpp
callable.cpp
visual_shader_node_vec2_constant.cpp
resource_saver.cpp
gpu_particles_attractor_box3d.cpp
audio_effect_low_shelf_filter.cpp
visual_shader_node_u_int_constant.cpp
visual_shader_node_billboard.cpp
gpu_particles3d.cpp
open_xr_visibility_mask.cpp
node_path.cpp
gpu_particles_collision3d.cpp
instance_placeholder.cpp
editor_command_palette.cpp
audio_effect_limiter.cpp
callable_method_pointer.cpp
open_xr_interaction_profile_editor_base.cpp
char_string.cpp
callable_custom.cpp
color.cpp
gpu_particles_attractor_vector_field3d.cpp
audio_effect_record.cpp
visible_on_screen_notifier3d.cpp
string_name.cpp
resource_preloader.cpp
physics_point_query_parameters2d.cpp
audio_effect_pitch_shift.cpp
optimized_translation.cpp
visual_shader_node_transform_compose.cpp
visual_shader_node_boolean_parameter.cpp
scene_state.cpp
input_map.cpp
editor_debugger_session.cpp
open_xr_render_model_manager.cpp
visual_shader_node_transform_op.cpp
scene_replication_config.cpp
e_net_connection.cpp
tab_container.cpp
input_event_with_modifiers.cpp
directional_light3d.cpp
visual_shader_node_texture_parameter_triplanar.cpp
vehicle_body3d.cpp
geometry_instance3d.cpp
input_event_shortcut.cpp
visible_on_screen_enabler3d.cpp
tab_bar.cpp
gpu_particles2d.cpp
collision_object2d.cpp
physics_material.cpp
open_xr_render_model_extension.cpp
visual_shader_node_texture_sdf.cpp
visible_on_screen_enabler2d.cpp
gltf_texture.cpp
input_event_screen_drag.cpp
editor_debugger_plugin.cpp
enhanced_sprite2d.cpp
gpu_particles_attractor_sphere3d.cpp
godot.cpp
object.cpp
register_types.cpp
variant.cpp
wrapped.cpp
editor_inspector.cpp
physics_ray_query_parameters2d.cpp
class_db.cpp
audio_effect_chorus.cpp
video_stream_player.cpp
surface_tool.cpp
gltf_object_model_property.cpp
input_event_pan_gesture.cpp
color_palette.cpp
packed_data_container_ref.cpp
visual_shader_node_transform_func.cpp
gltf_document_extension_convert_importer_mesh.cpp
input_event_midi.cpp
collision_shape2d.cpp
physics_direct_space_state3d.cpp
audio_effect_delay.cpp
visual_shader_node_transform_decompose.cpp
vehicle_wheel3d.cpp
gltf_skin.cpp
code_highlighter.cpp
audio_effect_distortion.cpp
open_xr_interaction_profile_editor.cpp
video_stream.cpp
input_event_gesture.cpp
option_button.cpp
viewport.cpp
syntax_highlighter.cpp
dpi_texture.cpp
physics_server3d.cpp
audio_effect_compressor.cpp
visual_shader_node_texture_sdf_normal.cpp
tls_options.cpp
gltf_physics_shape.cpp
code_edit.cpp
cylinder_shape3d.cpp
physics_server2d_manager.cpp
visual_shader_node_texture3d.cpp
circle_shape2d.cpp
physics_server2d_extension.cpp
open_xr_render_model.cpp
system_font.cpp
input_event_joypad_button.cpp
curve_texture.cpp
atlas_texture.cpp
open_xr_interface.cpp
gltf_node.cpp
input_event_mouse.cpp
cubemap_array.cpp
physics_direct_space_state3d_extension.cpp
audio_effect_band_limit_filter.cpp
packet_peer_dtls.cpp
visual_shader_node_texture2d_array_parameter.cpp
v_separator.cpp
subtween_tweener.cpp
gltf_physics_body.cpp
input_event_joypad_motion.cpp
collision_polygon2d.cpp
audio_effect_amplify.cpp
pck_packer.cpp
physics_server2d.cpp
visual_shader_node_texture_parameter.cpp
viewport_texture.cpp
gltf_light.cpp
cubemap.cpp
physics_shape_query_parameters2d.cpp
packed_scene.cpp
text_paragraph.cpp
class_db_singleton.cpp
crypto_key.cpp
physics_server3d_rendering_server_handler.cpp
audio_effect_eq10.cpp
gltf_skeleton.cpp
input_event_key.cpp
physics_point_query_parameters3d.cpp
check_box.cpp
audio_effect_eq.cpp
curve3d.cpp
resource_importer_wav.cpp
text_mesh.cpp
input_event_from_window.cpp
cylinder_mesh.cpp
resource_importer_texture_atlas.cpp
v_split_container.cpp
item_list.cpp
visual_shader_node_transform_constant.cpp
interval_tweener.cpp
text_line.cpp
collision_shape3d.cpp
audio_effect_capture.cpp
open_xr_haptic_vibration.cpp
visual_shader_node_transform_vec_mult.cpp
video_stream_theora.cpp
tcp_server.cpp
input_event_screen_touch.cpp
gltf_state.cpp
resource_importer_texture.cpp
open_xr_haptic_base.cpp
visual_shader_node_transform_parameter.cpp
v_slider.cpp
gltf_texture_sampler.cpp
collision_polygon3d.cpp
decal.cpp
audio_effect.cpp
visual_shader_node_texture3d_parameter.cpp
text_edit.cpp
input_event_mouse_motion.cpp
damped_spring_joint2d.cpp
resource_importer_shader_file.cpp
audio_effect_band_pass_filter.cpp
visual_shader_node_texture2d_parameter.cpp
video_stream_playback.cpp
input_event_mouse_button.cpp
collision_object3d.cpp
resource_importer_scene.cpp
audio_bus_layout.cpp
v_scroll_bar.cpp
sub_viewport.cpp
gltf_spec_gloss.cpp
check_button.cpp
visual_shader_node_texture2d_array.cpp
v_flow_container.cpp
gltf_mesh.cpp
capsule_shape2d.cpp
resource_importer_obj.cpp
v_box_container.cpp
style_box_texture.cpp
curve2d.cpp
resource_importer_csv_translation.cpp
visual_shader_node_switch.cpp
open_xr_composition_layer.cpp
style_box_line.cpp
uniform_set_cache_rd.cpp
dtls_server.cpp
canvas_item.cpp
resource_importer_bit_map.cpp
open_xr_composition_layer_equirect.cpp
visual_shader_node_texture.cpp
undo_redo.cpp
resource_importer_ogg_vorbis.cpp
open_xr_binding_modifier_editor.cpp
   Creating library C:\Users\vboxuser\Documents\assignment-2-fixed\project\bin\my_extension.windows.template_debug.x86_64.lib and object C:\Users\vboxuser\Documents\assignment-2-fixed\project\bin\my_extension.windows.template_debug.x86_64.exp
